2023-03-02 11:14:15.569 [info] Reading sessions from keychain...
2023-03-02 11:14:15.569 [info] Getting sessions for all scopes...
2023-03-02 11:14:15.569 [info] Getting sessions for read:user,repo,user:email,workflow...
2023-03-02 11:14:15.569 [info] Got 0 sessions for ...
2023-03-02 11:14:15.570 [info] Got 0 sessions for read:user,repo,user:email,workflow...
2023-03-02 11:14:17.871 [info] Logging in for the following scopes: read:user repo user:email workflow
2023-03-02 11:14:17.920 [info] Trying device code flow... (read:user repo user:email workflow)
2023-03-02 11:14:50.516 [info] Getting user info...
2023-03-02 11:14:50.799 [info] Got account info!
2023-03-02 11:14:50.800 [info] Storing 1 sessions...
2023-03-02 11:14:50.952 [info] Reading sessions from keychain...
2023-03-02 11:14:50.953 [info] Stored 1 sessions!
2023-03-02 11:14:50.953 [info] Login success!
2023-03-02 11:14:51.113 [info] Got stored sessions!
2023-03-02 11:14:51.113 [info] Got 1 verified sessions.
2023-03-02 11:15:33.212 [info] Getting sessions for read:user,repo,user:email,workflow...
2023-03-02 11:15:33.213 [info] Got 1 sessions for read:user,repo,user:email,workflow...
2023-03-02 11:18:54.315 [info] Getting sessions for read:user,repo,user:email,workflow...
2023-03-02 11:18:54.316 [info] Got 1 sessions for read:user,repo,user:email,workflow...
2023-03-02 11:21:13.237 [info] Getting sessions for read:user,repo,user:email,workflow...
2023-03-02 11:21:13.238 [info] Got 1 sessions for read:user,repo,user:email,workflow...
2023-03-02 11:32:20.028 [info] Getting sessions for read:user,repo,user:email,workflow...
2023-03-02 11:32:20.029 [info] Got 1 sessions for read:user,repo,user:email,workflow...
2023-03-02 11:32:28.113 [info] Getting sessions for read:user,repo,user:email,workflow...
2023-03-02 11:32:28.113 [info] Got 1 sessions for read:user,repo,user:email,workflow...
