2023-03-02 20:41:17.609 [info] Extension host with pid 568 started
2023-03-02 20:41:17.610 [error] Error: EEXIST: file already exists, open '/home/coder/.local/share/code-server/User/workspaceStorage/3d8b1adc/vscode.lock'
2023-03-02 20:41:17.617 [info] Lock '/home/coder/.local/share/code-server/User/workspaceStorage/3d8b1adc/vscode.lock': Could not acquire lock, checking if the file is stale.
2023-03-02 20:41:17.623 [info] Lock '/home/coder/.local/share/code-server/User/workspaceStorage/3d8b1adc/vscode.lock': The pid 3935 appears to be gone.
2023-03-02 20:41:17.623 [info] Lock '/home/coder/.local/share/code-server/User/workspaceStorage/3d8b1adc/vscode.lock': Deleting a stale lock.
2023-03-02 20:41:17.628 [info] Lock '/home/coder/.local/share/code-server/User/workspaceStorage/3d8b1adc/vscode.lock': Lock acquired.
2023-03-02 20:41:18.914 [info] ExtensionService#_doActivateExtension vscode.git-base, startup: true, activationEvent: '*', root cause: vscode.git
2023-03-02 20:41:18.915 [info] ExtensionService#_doActivateExtension kube.42header, startup: true, activationEvent: '*'
2023-03-02 20:41:19.896 [info] ExtensionService#_doActivateExtension vscode.git, startup: true, activationEvent: '*'
2023-03-02 20:41:19.897 [info] ExtensionService#_doActivateExtension vscode.github, startup: true, activationEvent: '*'
2023-03-02 20:41:22.600 [info] ExtensionService#_doActivateExtension vscode.debug-auto-launch, startup: false, activationEvent: 'onStartupFinished'
2023-03-02 20:41:22.601 [info] ExtensionService#_doActivateExtension vscode.emmet, startup: false, activationEvent: 'onStartupFinished'
2023-03-02 20:41:22.603 [info] ExtensionService#_doActivateExtension vscode.merge-conflict, startup: false, activationEvent: 'onStartupFinished'
2023-03-02 20:41:22.603 [info] Eager extensions activated
2023-03-02 20:41:55.093 [info] ExtensionService#_doActivateExtension vscode.github-authentication, startup: false, activationEvent: 'onAuthenticationRequest:github'
2023-03-02 21:29:06.543 [warning] [Decorations] CAPPING events from decorations provider vscode.git 775
2023-03-02 21:29:09.713 [warning] [Decorations] CAPPING events from decorations provider vscode.git 775
2023-03-02 21:29:15.103 [warning] [Decorations] CAPPING events from decorations provider vscode.git 775
2023-03-02 21:29:20.409 [warning] [Decorations] CAPPING events from decorations provider vscode.git 775
2023-03-02 21:29:25.802 [warning] [Decorations] CAPPING events from decorations provider vscode.git 775
2023-03-02 21:29:31.121 [warning] [Decorations] CAPPING events from decorations provider vscode.git 775
2023-03-02 21:29:36.606 [warning] [Decorations] CAPPING events from decorations provider vscode.git 775
2023-03-02 21:29:42.012 [warning] [Decorations] CAPPING events from decorations provider vscode.git 775
2023-03-02 21:29:47.395 [warning] [Decorations] CAPPING events from decorations provider vscode.git 775
2023-03-02 21:29:52.707 [warning] [Decorations] CAPPING events from decorations provider vscode.git 775
2023-03-02 21:29:58.025 [warning] [Decorations] CAPPING events from decorations provider vscode.git 775
2023-03-02 21:30:03.305 [warning] [Decorations] CAPPING events from decorations provider vscode.git 775
2023-03-02 21:30:08.703 [warning] [Decorations] CAPPING events from decorations provider vscode.git 775
2023-03-02 21:30:14.016 [warning] [Decorations] CAPPING events from decorations provider vscode.git 775
2023-03-02 21:30:19.308 [warning] [Decorations] CAPPING events from decorations provider vscode.git 775
2023-03-02 21:30:24.605 [warning] [Decorations] CAPPING events from decorations provider vscode.git 775
2023-03-02 21:36:15.203 [warning] [Decorations] CAPPING events from decorations provider vscode.git 775
2023-03-02 21:36:20.516 [warning] [Decorations] CAPPING events from decorations provider vscode.git 775
2023-03-02 21:36:25.905 [warning] [Decorations] CAPPING events from decorations provider vscode.git 775
2023-03-02 21:37:01.691 [warning] [Decorations] CAPPING events from decorations provider vscode.git 775
2023-03-02 21:37:07.012 [warning] [Decorations] CAPPING events from decorations provider vscode.git 775
2023-03-02 21:37:12.305 [warning] [Decorations] CAPPING events from decorations provider vscode.git 775
2023-03-02 21:37:23.820 [warning] [Decorations] CAPPING events from decorations provider vscode.git 775
2023-03-02 21:37:29.111 [warning] [Decorations] CAPPING events from decorations provider vscode.git 775
2023-03-02 21:37:34.424 [warning] [Decorations] CAPPING events from decorations provider vscode.git 775
2023-03-02 21:37:39.816 [warning] [Decorations] CAPPING events from decorations provider vscode.git 775
2023-03-02 21:37:45.118 [warning] [Decorations] CAPPING events from decorations provider vscode.git 775
2023-03-02 21:37:50.410 [warning] [Decorations] CAPPING events from decorations provider vscode.git 775
2023-03-02 21:37:55.712 [warning] [Decorations] CAPPING events from decorations provider vscode.git 775
2023-03-02 21:38:01.108 [warning] [Decorations] CAPPING events from decorations provider vscode.git 775
2023-03-02 21:38:06.498 [warning] [Decorations] CAPPING events from decorations provider vscode.git 775
2023-03-02 21:38:11.803 [warning] [Decorations] CAPPING events from decorations provider vscode.git 775
2023-03-02 21:38:17.298 [warning] [Decorations] CAPPING events from decorations provider vscode.git 775
2023-03-02 21:38:22.618 [warning] [Decorations] CAPPING events from decorations provider vscode.git 775
2023-03-02 21:38:28.021 [warning] [Decorations] CAPPING events from decorations provider vscode.git 775
2023-03-02 21:38:33.309 [warning] [Decorations] CAPPING events from decorations provider vscode.git 775
2023-03-02 21:40:25.629 [warning] [Decorations] CAPPING events from decorations provider vscode.git 775
2023-03-02 21:40:30.910 [warning] [Decorations] CAPPING events from decorations provider vscode.git 775
2023-03-02 21:40:36.210 [warning] [Decorations] CAPPING events from decorations provider vscode.git 775
2023-03-02 21:40:41.516 [warning] [Decorations] CAPPING events from decorations provider vscode.git 775
2023-03-02 21:40:47.114 [warning] [Decorations] CAPPING events from decorations provider vscode.git 775
2023-03-02 21:40:52.424 [warning] [Decorations] CAPPING events from decorations provider vscode.git 775
2023-03-02 21:40:57.894 [warning] [Decorations] CAPPING events from decorations provider vscode.git 775
2023-03-02 21:41:03.221 [warning] [Decorations] CAPPING events from decorations provider vscode.git 775
2023-03-02 21:41:19.210 [warning] [Decorations] CAPPING events from decorations provider vscode.git 775
2023-03-02 21:41:24.512 [warning] [Decorations] CAPPING events from decorations provider vscode.git 775
2023-03-02 21:41:29.902 [warning] [Decorations] CAPPING events from decorations provider vscode.git 775
2023-03-02 21:41:35.214 [warning] [Decorations] CAPPING events from decorations provider vscode.git 775
2023-03-02 21:41:40.513 [warning] [Decorations] CAPPING events from decorations provider vscode.git 775
2023-03-02 21:41:45.817 [warning] [Decorations] CAPPING events from decorations provider vscode.git 775
2023-03-02 21:41:51.031 [warning] [Decorations] CAPPING events from decorations provider vscode.git 775
2023-03-02 21:41:56.307 [warning] [Decorations] CAPPING events from decorations provider vscode.git 775
2023-03-02 21:42:01.613 [warning] [Decorations] CAPPING events from decorations provider vscode.git 775
2023-03-02 21:42:06.915 [warning] [Decorations] CAPPING events from decorations provider vscode.git 775
2023-03-02 21:42:12.217 [warning] [Decorations] CAPPING events from decorations provider vscode.git 775
2023-03-02 21:42:17.516 [warning] [Decorations] CAPPING events from decorations provider vscode.git 775
2023-03-02 21:42:22.819 [warning] [Decorations] CAPPING events from decorations provider vscode.git 775
2023-03-02 21:42:28.209 [warning] [Decorations] CAPPING events from decorations provider vscode.git 775
2023-03-02 21:42:33.515 [warning] [Decorations] CAPPING events from decorations provider vscode.git 775
2023-03-02 21:42:38.810 [warning] [Decorations] CAPPING events from decorations provider vscode.git 775
2023-03-02 21:42:44.113 [warning] [Decorations] CAPPING events from decorations provider vscode.git 775
2023-03-02 21:42:52.709 [warning] [Decorations] CAPPING events from decorations provider vscode.git 775
2023-03-02 21:42:58.101 [warning] [Decorations] CAPPING events from decorations provider vscode.git 775
2023-03-02 21:43:03.416 [warning] [Decorations] CAPPING events from decorations provider vscode.git 775
2023-03-02 21:43:09.208 [warning] [Decorations] CAPPING events from decorations provider vscode.git 775
2023-03-02 21:43:14.524 [warning] [Decorations] CAPPING events from decorations provider vscode.git 775
2023-03-02 21:43:19.807 [warning] [Decorations] CAPPING events from decorations provider vscode.git 775
2023-03-02 21:43:25.109 [warning] [Decorations] CAPPING events from decorations provider vscode.git 775
2023-03-02 21:43:30.406 [warning] [Decorations] CAPPING events from decorations provider vscode.git 775
2023-03-02 21:43:35.798 [warning] [Decorations] CAPPING events from decorations provider vscode.git 775
2023-03-02 21:43:41.110 [warning] [Decorations] CAPPING events from decorations provider vscode.git 775
2023-03-02 21:43:46.503 [warning] [Decorations] CAPPING events from decorations provider vscode.git 775
2023-03-02 21:43:51.896 [warning] [Decorations] CAPPING events from decorations provider vscode.git 775
2023-03-02 21:43:57.217 [warning] [Decorations] CAPPING events from decorations provider vscode.git 775
2023-03-02 21:44:02.698 [warning] [Decorations] CAPPING events from decorations provider vscode.git 775
2023-03-02 21:44:08.003 [warning] [Decorations] CAPPING events from decorations provider vscode.git 775
2023-03-02 21:44:13.305 [warning] [Decorations] CAPPING events from decorations provider vscode.git 775
2023-03-02 21:44:18.612 [warning] [Decorations] CAPPING events from decorations provider vscode.git 775
2023-03-02 21:44:23.907 [warning] [Decorations] CAPPING events from decorations provider vscode.git 775
2023-03-02 21:44:29.199 [warning] [Decorations] CAPPING events from decorations provider vscode.git 775
2023-03-02 21:44:34.507 [warning] [Decorations] CAPPING events from decorations provider vscode.git 775
2023-03-02 21:44:39.901 [warning] [Decorations] CAPPING events from decorations provider vscode.git 775
2023-03-02 21:44:45.201 [warning] [Decorations] CAPPING events from decorations provider vscode.git 775
2023-03-02 21:44:50.502 [warning] [Decorations] CAPPING events from decorations provider vscode.git 775
2023-03-02 21:44:55.820 [warning] [Decorations] CAPPING events from decorations provider vscode.git 775
2023-03-02 21:45:01.100 [warning] [Decorations] CAPPING events from decorations provider vscode.git 775
2023-03-02 21:45:06.419 [warning] [Decorations] CAPPING events from decorations provider vscode.git 775
2023-03-02 21:45:11.705 [warning] [Decorations] CAPPING events from decorations provider vscode.git 775
2023-03-02 21:45:17.018 [warning] [Decorations] CAPPING events from decorations provider vscode.git 775
2023-03-02 21:45:22.308 [warning] [Decorations] CAPPING events from decorations provider vscode.git 775
2023-03-02 21:45:27.605 [warning] [Decorations] CAPPING events from decorations provider vscode.git 775
2023-03-02 21:45:32.909 [warning] [Decorations] CAPPING events from decorations provider vscode.git 775
2023-03-02 21:45:38.218 [warning] [Decorations] CAPPING events from decorations provider vscode.git 775
2023-03-02 21:45:43.513 [warning] [Decorations] CAPPING events from decorations provider vscode.git 775
2023-03-02 21:45:48.817 [warning] [Decorations] CAPPING events from decorations provider vscode.git 775
2023-03-02 21:45:54.102 [warning] [Decorations] CAPPING events from decorations provider vscode.git 775
2023-03-02 21:45:59.421 [warning] [Decorations] CAPPING events from decorations provider vscode.git 775
2023-03-02 21:46:04.713 [warning] [Decorations] CAPPING events from decorations provider vscode.git 775
2023-03-02 21:46:10.003 [warning] [Decorations] CAPPING events from decorations provider vscode.git 775
2023-03-02 21:46:15.320 [warning] [Decorations] CAPPING events from decorations provider vscode.git 775
2023-03-02 21:46:20.606 [warning] [Decorations] CAPPING events from decorations provider vscode.git 775
2023-03-02 21:46:25.936 [warning] [Decorations] CAPPING events from decorations provider vscode.git 775
2023-03-02 21:46:31.316 [warning] [Decorations] CAPPING events from decorations provider vscode.git 775
2023-03-02 21:46:36.611 [warning] [Decorations] CAPPING events from decorations provider vscode.git 775
2023-03-02 21:46:41.903 [warning] [Decorations] CAPPING events from decorations provider vscode.git 775
2023-03-02 21:46:47.210 [warning] [Decorations] CAPPING events from decorations provider vscode.git 775
2023-03-02 21:46:52.511 [warning] [Decorations] CAPPING events from decorations provider vscode.git 775
2023-03-02 21:46:57.809 [warning] [Decorations] CAPPING events from decorations provider vscode.git 775
2023-03-02 21:47:03.120 [warning] [Decorations] CAPPING events from decorations provider vscode.git 775
2023-03-02 21:47:08.492 [warning] [Decorations] CAPPING events from decorations provider vscode.git 775
2023-03-02 21:47:13.811 [warning] [Decorations] CAPPING events from decorations provider vscode.git 775
2023-03-02 21:47:19.112 [warning] [Decorations] CAPPING events from decorations provider vscode.git 775
2023-03-02 21:47:24.408 [warning] [Decorations] CAPPING events from decorations provider vscode.git 775
2023-03-02 21:47:29.710 [warning] [Decorations] CAPPING events from decorations provider vscode.git 775
2023-03-02 21:47:35.021 [warning] [Decorations] CAPPING events from decorations provider vscode.git 775
2023-03-02 21:47:40.315 [warning] [Decorations] CAPPING events from decorations provider vscode.git 775
2023-03-02 21:47:45.614 [warning] [Decorations] CAPPING events from decorations provider vscode.git 775
2023-03-02 21:47:50.920 [warning] [Decorations] CAPPING events from decorations provider vscode.git 775
2023-03-02 21:47:56.197 [warning] [Decorations] CAPPING events from decorations provider vscode.git 775
2023-03-02 21:48:01.503 [warning] [Decorations] CAPPING events from decorations provider vscode.git 775
2023-03-02 21:48:06.811 [warning] [Decorations] CAPPING events from decorations provider vscode.git 775
2023-03-02 21:48:12.104 [warning] [Decorations] CAPPING events from decorations provider vscode.git 775
2023-03-02 21:48:17.414 [warning] [Decorations] CAPPING events from decorations provider vscode.git 775
2023-03-02 21:48:22.715 [warning] [Decorations] CAPPING events from decorations provider vscode.git 775
2023-03-02 21:48:28.005 [warning] [Decorations] CAPPING events from decorations provider vscode.git 775
2023-03-02 21:48:33.232 [warning] [Decorations] CAPPING events from decorations provider vscode.git 775
2023-03-02 21:48:38.791 [warning] [Decorations] CAPPING events from decorations provider vscode.git 775
2023-03-02 21:48:44.101 [warning] [Decorations] CAPPING events from decorations provider vscode.git 775
2023-03-02 21:48:49.403 [warning] [Decorations] CAPPING events from decorations provider vscode.git 775
2023-03-02 21:48:54.711 [warning] [Decorations] CAPPING events from decorations provider vscode.git 775
2023-03-02 21:49:00.008 [warning] [Decorations] CAPPING events from decorations provider vscode.git 775
2023-03-02 21:49:05.309 [warning] [Decorations] CAPPING events from decorations provider vscode.git 775
2023-03-02 21:49:10.616 [warning] [Decorations] CAPPING events from decorations provider vscode.git 775
2023-03-02 21:49:16.005 [warning] [Decorations] CAPPING events from decorations provider vscode.git 775
2023-03-02 21:49:21.309 [warning] [Decorations] CAPPING events from decorations provider vscode.git 775
2023-03-02 21:49:26.696 [warning] [Decorations] CAPPING events from decorations provider vscode.git 775
2023-03-02 21:49:31.924 [warning] [Decorations] CAPPING events from decorations provider vscode.git 775
2023-03-02 21:49:37.216 [warning] [Decorations] CAPPING events from decorations provider vscode.git 775
2023-03-02 21:49:42.510 [warning] [Decorations] CAPPING events from decorations provider vscode.git 775
2023-03-02 21:49:47.723 [warning] [Decorations] CAPPING events from decorations provider vscode.git 775
2023-03-02 21:49:53.000 [warning] [Decorations] CAPPING events from decorations provider vscode.git 775
2023-03-02 21:50:00.111 [warning] [Decorations] CAPPING events from decorations provider vscode.git 775
2023-03-02 21:50:05.498 [warning] [Decorations] CAPPING events from decorations provider vscode.git 775
2023-03-02 21:50:10.804 [warning] [Decorations] CAPPING events from decorations provider vscode.git 775
2023-03-02 21:50:16.098 [warning] [Decorations] CAPPING events from decorations provider vscode.git 775
2023-03-02 21:50:21.415 [warning] [Decorations] CAPPING events from decorations provider vscode.git 775
2023-03-02 21:50:26.712 [warning] [Decorations] CAPPING events from decorations provider vscode.git 775
2023-03-02 21:50:32.003 [warning] [Decorations] CAPPING events from decorations provider vscode.git 775
2023-03-02 21:50:37.408 [warning] [Decorations] CAPPING events from decorations provider vscode.git 775
2023-03-02 21:50:42.713 [warning] [Decorations] CAPPING events from decorations provider vscode.git 775
2023-03-02 21:50:48.022 [warning] [Decorations] CAPPING events from decorations provider vscode.git 775
2023-03-02 21:50:53.420 [warning] [Decorations] CAPPING events from decorations provider vscode.git 775
2023-03-02 21:50:58.798 [warning] [Decorations] CAPPING events from decorations provider vscode.git 775
2023-03-02 21:51:04.115 [warning] [Decorations] CAPPING events from decorations provider vscode.git 775
2023-03-02 21:51:09.416 [warning] [Decorations] CAPPING events from decorations provider vscode.git 775
2023-03-02 21:51:14.727 [warning] [Decorations] CAPPING events from decorations provider vscode.git 775
2023-03-02 21:51:20.124 [warning] [Decorations] CAPPING events from decorations provider vscode.git 775
2023-03-02 21:51:25.517 [warning] [Decorations] CAPPING events from decorations provider vscode.git 775
2023-03-02 21:51:30.807 [warning] [Decorations] CAPPING events from decorations provider vscode.git 775
2023-03-02 21:51:36.109 [warning] [Decorations] CAPPING events from decorations provider vscode.git 775
2023-03-02 21:51:41.417 [warning] [Decorations] CAPPING events from decorations provider vscode.git 775
2023-03-02 21:51:46.724 [warning] [Decorations] CAPPING events from decorations provider vscode.git 775
2023-03-02 21:51:52.114 [warning] [Decorations] CAPPING events from decorations provider vscode.git 775
2023-03-02 21:51:57.414 [warning] [Decorations] CAPPING events from decorations provider vscode.git 775
2023-03-02 21:52:02.711 [warning] [Decorations] CAPPING events from decorations provider vscode.git 775
2023-03-02 21:52:08.093 [warning] [Decorations] CAPPING events from decorations provider vscode.git 775
2023-03-02 21:52:13.504 [warning] [Decorations] CAPPING events from decorations provider vscode.git 775
2023-03-02 21:52:18.824 [warning] [Decorations] CAPPING events from decorations provider vscode.git 775
2023-03-02 21:52:24.214 [warning] [Decorations] CAPPING events from decorations provider vscode.git 775
2023-03-02 21:52:29.513 [warning] [Decorations] CAPPING events from decorations provider vscode.git 775
2023-03-02 21:52:34.810 [warning] [Decorations] CAPPING events from decorations provider vscode.git 775
2023-03-02 21:52:40.111 [warning] [Decorations] CAPPING events from decorations provider vscode.git 775
2023-03-02 21:52:45.413 [warning] [Decorations] CAPPING events from decorations provider vscode.git 775
2023-03-02 21:52:50.709 [warning] [Decorations] CAPPING events from decorations provider vscode.git 775
2023-03-02 21:52:56.018 [warning] [Decorations] CAPPING events from decorations provider vscode.git 775
2023-03-02 21:53:01.303 [warning] [Decorations] CAPPING events from decorations provider vscode.git 775
2023-03-02 21:53:06.702 [warning] [Decorations] CAPPING events from decorations provider vscode.git 775
2023-03-02 21:53:12.018 [warning] [Decorations] CAPPING events from decorations provider vscode.git 775
2023-03-02 21:53:17.331 [warning] [Decorations] CAPPING events from decorations provider vscode.git 775
2023-03-02 21:53:22.710 [warning] [Decorations] CAPPING events from decorations provider vscode.git 775
2023-03-02 21:53:28.027 [warning] [Decorations] CAPPING events from decorations provider vscode.git 775
2023-03-02 21:53:33.420 [warning] [Decorations] CAPPING events from decorations provider vscode.git 775
2023-03-02 21:53:38.801 [warning] [Decorations] CAPPING events from decorations provider vscode.git 775
2023-03-02 21:53:44.114 [warning] [Decorations] CAPPING events from decorations provider vscode.git 775
2023-03-02 21:53:49.416 [warning] [Decorations] CAPPING events from decorations provider vscode.git 775
2023-03-02 21:53:54.716 [warning] [Decorations] CAPPING events from decorations provider vscode.git 775
2023-03-02 21:53:59.920 [warning] [Decorations] CAPPING events from decorations provider vscode.git 775
2023-03-02 21:54:05.199 [warning] [Decorations] CAPPING events from decorations provider vscode.git 775
2023-03-02 21:54:10.423 [warning] [Decorations] CAPPING events from decorations provider vscode.git 775
2023-03-02 21:54:15.707 [warning] [Decorations] CAPPING events from decorations provider vscode.git 775
2023-03-02 21:54:20.994 [warning] [Decorations] CAPPING events from decorations provider vscode.git 775
2023-03-02 21:54:26.221 [warning] [Decorations] CAPPING events from decorations provider vscode.git 775
2023-03-02 21:54:31.598 [warning] [Decorations] CAPPING events from decorations provider vscode.git 775
2023-03-02 21:54:36.815 [warning] [Decorations] CAPPING events from decorations provider vscode.git 775
2023-03-02 21:54:42.109 [warning] [Decorations] CAPPING events from decorations provider vscode.git 775
2023-03-02 21:54:47.413 [warning] [Decorations] CAPPING events from decorations provider vscode.git 775
2023-03-02 21:54:52.797 [warning] [Decorations] CAPPING events from decorations provider vscode.git 775
2023-03-02 21:54:58.126 [warning] [Decorations] CAPPING events from decorations provider vscode.git 775
2023-03-02 21:55:03.428 [warning] [Decorations] CAPPING events from decorations provider vscode.git 775
2023-03-02 21:55:08.707 [warning] [Decorations] CAPPING events from decorations provider vscode.git 775
2023-03-02 21:55:13.922 [warning] [Decorations] CAPPING events from decorations provider vscode.git 775
2023-03-02 21:55:19.311 [warning] [Decorations] CAPPING events from decorations provider vscode.git 775
2023-03-02 21:55:24.603 [warning] [Decorations] CAPPING events from decorations provider vscode.git 775
2023-03-02 21:55:29.822 [warning] [Decorations] CAPPING events from decorations provider vscode.git 775
2023-03-02 21:55:35.108 [warning] [Decorations] CAPPING events from decorations provider vscode.git 775
2023-03-02 21:55:40.404 [warning] [Decorations] CAPPING events from decorations provider vscode.git 775
2023-03-02 21:55:45.806 [warning] [Decorations] CAPPING events from decorations provider vscode.git 775
2023-03-02 21:56:45.412 [warning] [Decorations] CAPPING events from decorations provider vscode.git 775
2023-03-02 21:57:45.630 [warning] [Decorations] CAPPING events from decorations provider vscode.git 775
2023-03-02 21:58:45.508 [warning] [Decorations] CAPPING events from decorations provider vscode.git 775
2023-03-02 21:59:45.306 [warning] [Decorations] CAPPING events from decorations provider vscode.git 775
2023-03-02 22:00:45.524 [warning] [Decorations] CAPPING events from decorations provider vscode.git 775
2023-03-02 22:01:45.418 [warning] [Decorations] CAPPING events from decorations provider vscode.git 775
2023-03-02 22:02:45.425 [warning] [Decorations] CAPPING events from decorations provider vscode.git 775
2023-03-02 22:03:45.534 [warning] [Decorations] CAPPING events from decorations provider vscode.git 775
2023-03-02 22:04:45.391 [warning] [Decorations] CAPPING events from decorations provider vscode.git 775
2023-03-02 22:05:45.595 [warning] [Decorations] CAPPING events from decorations provider vscode.git 775
2023-03-02 22:06:45.326 [warning] [Decorations] CAPPING events from decorations provider vscode.git 775
2023-03-02 22:07:45.431 [warning] [Decorations] CAPPING events from decorations provider vscode.git 775
2023-03-02 22:08:45.393 [warning] [Decorations] CAPPING events from decorations provider vscode.git 775
2023-03-02 22:09:45.394 [warning] [Decorations] CAPPING events from decorations provider vscode.git 775
2023-03-02 22:10:45.521 [warning] [Decorations] CAPPING events from decorations provider vscode.git 775
2023-03-02 22:11:45.591 [warning] [Decorations] CAPPING events from decorations provider vscode.git 775
2023-03-02 22:12:45.406 [warning] [Decorations] CAPPING events from decorations provider vscode.git 775
2023-03-02 22:13:45.319 [warning] [Decorations] CAPPING events from decorations provider vscode.git 775
2023-03-02 22:14:45.405 [warning] [Decorations] CAPPING events from decorations provider vscode.git 775
2023-03-02 22:15:45.490 [warning] [Decorations] CAPPING events from decorations provider vscode.git 775
2023-03-02 22:16:45.515 [warning] [Decorations] CAPPING events from decorations provider vscode.git 775
2023-03-02 22:17:45.409 [warning] [Decorations] CAPPING events from decorations provider vscode.git 775
2023-03-02 22:18:45.601 [warning] [Decorations] CAPPING events from decorations provider vscode.git 775
2023-03-02 22:19:45.498 [warning] [Decorations] CAPPING events from decorations provider vscode.git 775
2023-03-02 22:20:45.511 [warning] [Decorations] CAPPING events from decorations provider vscode.git 775
2023-03-02 22:21:45.414 [warning] [Decorations] CAPPING events from decorations provider vscode.git 775
2023-03-02 22:22:45.405 [warning] [Decorations] CAPPING events from decorations provider vscode.git 775
2023-03-02 22:23:05.920 [warning] [Decorations] CAPPING events from decorations provider vscode.git 775
2023-03-02 22:24:45.305 [warning] [Decorations] CAPPING events from decorations provider vscode.git 775
2023-03-02 22:24:50.606 [warning] [Decorations] CAPPING events from decorations provider vscode.git 775
2023-03-02 22:24:55.912 [warning] [Decorations] CAPPING events from decorations provider vscode.git 775
2023-03-02 22:25:01.218 [warning] [Decorations] CAPPING events from decorations provider vscode.git 775
2023-03-02 22:25:06.502 [warning] [Decorations] CAPPING events from decorations provider vscode.git 775
2023-03-02 22:25:11.791 [warning] [Decorations] CAPPING events from decorations provider vscode.git 775
2023-03-02 22:25:17.018 [warning] [Decorations] CAPPING events from decorations provider vscode.git 775
2023-03-02 22:25:22.414 [warning] [Decorations] CAPPING events from decorations provider vscode.git 775
2023-03-02 22:25:27.706 [warning] [Decorations] CAPPING events from decorations provider vscode.git 775
2023-03-02 22:25:33.011 [warning] [Decorations] CAPPING events from decorations provider vscode.git 775
2023-03-02 22:25:38.304 [warning] [Decorations] CAPPING events from decorations provider vscode.git 775
2023-03-02 22:25:43.612 [warning] [Decorations] CAPPING events from decorations provider vscode.git 775
2023-03-02 22:25:48.915 [warning] [Decorations] CAPPING events from decorations provider vscode.git 775
2023-03-02 22:27:29.896 [warning] [Decorations] CAPPING events from decorations provider vscode.git 775
2023-03-02 22:27:35.205 [warning] [Decorations] CAPPING events from decorations provider vscode.git 775
2023-03-02 22:27:40.420 [warning] [Decorations] CAPPING events from decorations provider vscode.git 775
2023-03-02 22:27:45.704 [warning] [Decorations] CAPPING events from decorations provider vscode.git 775
2023-03-02 22:27:51.010 [warning] [Decorations] CAPPING events from decorations provider vscode.git 775
2023-03-02 22:27:56.295 [warning] [Decorations] CAPPING events from decorations provider vscode.git 775
2023-03-02 22:28:01.522 [warning] [Decorations] CAPPING events from decorations provider vscode.git 775
2023-03-02 22:28:06.920 [warning] [Decorations] CAPPING events from decorations provider vscode.git 775
2023-03-02 22:28:12.204 [warning] [Decorations] CAPPING events from decorations provider vscode.git 775
2023-03-02 22:28:17.511 [warning] [Decorations] CAPPING events from decorations provider vscode.git 775
2023-03-02 22:28:22.817 [warning] [Decorations] CAPPING events from decorations provider vscode.git 775
2023-03-02 22:28:28.112 [warning] [Decorations] CAPPING events from decorations provider vscode.git 775
2023-03-02 22:28:33.499 [warning] [Decorations] CAPPING events from decorations provider vscode.git 775
2023-03-02 22:28:38.893 [warning] [Decorations] CAPPING events from decorations provider vscode.git 775
2023-03-02 22:28:44.304 [warning] [Decorations] CAPPING events from decorations provider vscode.git 775
2023-03-02 22:28:49.624 [warning] [Decorations] CAPPING events from decorations provider vscode.git 775
2023-03-02 22:28:55.098 [warning] [Decorations] CAPPING events from decorations provider vscode.git 775
2023-03-02 22:29:00.422 [warning] [Decorations] CAPPING events from decorations provider vscode.git 775
2023-03-02 22:29:05.801 [warning] [Decorations] CAPPING events from decorations provider vscode.git 775
2023-03-02 22:29:41.005 [warning] [Decorations] CAPPING events from decorations provider vscode.git 775
2023-03-02 22:29:46.310 [warning] [Decorations] CAPPING events from decorations provider vscode.git 775
2023-03-02 22:29:51.607 [warning] [Decorations] CAPPING events from decorations provider vscode.git 775
2023-03-02 22:29:56.913 [warning] [Decorations] CAPPING events from decorations provider vscode.git 775
