2023-03-02 20:41:56.612 [info] Reading sessions from keychain...
2023-03-02 20:41:56.613 [info] Getting sessions for all scopes...
2023-03-02 20:41:56.613 [info] Got 0 sessions for ...
2023-03-02 20:41:56.613 [info] Getting sessions for read:user,repo,user:email,workflow...
2023-03-02 20:41:56.613 [info] Got 0 sessions for read:user,repo,user:email,workflow...
2023-03-02 20:41:59.513 [info] Logging in for the following scopes: read:user repo user:email workflow
2023-03-02 20:41:59.663 [info] Trying device code flow... (read:user repo user:email workflow)
2023-03-02 20:42:31.754 [info] Getting user info...
2023-03-02 20:42:32.088 [info] Got account info!
2023-03-02 20:42:32.090 [info] Storing 1 sessions...
2023-03-02 20:42:32.244 [info] Reading sessions from keychain...
2023-03-02 20:42:32.244 [info] Stored 1 sessions!
2023-03-02 20:42:32.245 [info] Login success!
2023-03-02 20:42:32.393 [info] Got stored sessions!
2023-03-02 20:42:32.393 [info] Got 1 verified sessions.
2023-03-02 21:04:35.184 [info] Getting sessions for read:user,repo,user:email,workflow...
2023-03-02 21:04:35.185 [info] Got 1 sessions for read:user,repo,user:email,workflow...
2023-03-02 21:15:19.396 [info] Getting sessions for read:user,repo,user:email,workflow...
2023-03-02 21:15:19.397 [info] Got 1 sessions for read:user,repo,user:email,workflow...
2023-03-02 21:41:33.527 [info] Getting sessions for read:user,repo,user:email,workflow...
2023-03-02 21:41:33.528 [info] Got 1 sessions for read:user,repo,user:email,workflow...
